<?xml version="1.0" encoding="UTF-8"?>
<!-- Generated by org.testng.reporters.JUnitXMLReporter -->
<testsuite ignored="0" hostname="LTIN297590" failures="0" tests="5" name="Default test" time="41.994" errors="0" timestamp="2024-03-25T09:17:00 IST">
  <testcase classname="testScenarios.DisplayBookshelves" name="clickOnBookShelvesMenu" time="14.092"/>
  <testcase classname="testScenarios.DisplayBookshelves" name="mouseHoverOfBrandFilter" time="14.951"/>
  <testcase classname="testScenarios.DisplayBookshelves" name="giftCard" time="4.546"/>
  <testcase classname="testScenarios.DisplayBookshelves" name="screenShotOfErrorMessage" time="0.392"/>
  <testcase classname="testScenarios.DisplayBookshelves" name="displayErrorMessage" time="0.027"/>
</testsuite> <!-- Default test -->
