<?xml version="1.0" encoding="UTF-8"?>
<testng-results ignored="0" total="5" passed="5" failed="0" skipped="0">
  <reporter-output>
  </reporter-output>
  <suite started-at="2024-03-25T09:16:18 IST" name="Default suite" finished-at="2024-03-25T09:17:00 IST" duration-ms="41994">
    <groups>
      <group name="Smoke Test two">
        <method signature="DisplayBookshelves.giftCard()[pri:3, instance:testScenarios.DisplayBookshelves@49e53c76]" name="giftCard" class="testScenarios.DisplayBookshelves"/>
        <method signature="DisplayBookshelves.screenShotOfErrorMessage()[pri:4, instance:testScenarios.DisplayBookshelves@49e53c76]" name="screenShotOfErrorMessage" class="testScenarios.DisplayBookshelves"/>
        <method signature="DisplayBookshelves.displayErrorMessage()[pri:5, instance:testScenarios.DisplayBookshelves@49e53c76]" name="displayErrorMessage" class="testScenarios.DisplayBookshelves"/>
      </group> <!-- Smoke Test two -->
      <group name="Smoke Test one">
        <method signature="DisplayBookshelves.clickOnBookShelvesMenu()[pri:1, instance:testScenarios.DisplayBookshelves@49e53c76]" name="clickOnBookShelvesMenu" class="testScenarios.DisplayBookshelves"/>
      </group> <!-- Smoke Test one -->
      <group name="Regression Test one">
        <method signature="DisplayBookshelves.mouseHoverOfBrandFilter()[pri:2, instance:testScenarios.DisplayBookshelves@49e53c76]" name="mouseHoverOfBrandFilter" class="testScenarios.DisplayBookshelves"/>
      </group> <!-- Regression Test one -->
    </groups>
    <test started-at="2024-03-25T09:16:18 IST" name="Default test" finished-at="2024-03-25T09:17:00 IST" duration-ms="41994">
      <class name="testScenarios.DisplayBookshelves">
        <test-method is-config="true" signature="driverConfig()[pri:0, instance:testScenarios.DisplayBookshelves@49e53c76]" started-at="2024-03-25T09:16:18 IST" name="driverConfig" finished-at="2024-03-25T09:16:24 IST" duration-ms="5599" status="PASS">
          <reporter-output>
          </reporter-output>
        </test-method> <!-- driverConfig -->
        <test-method signature="clickOnBookShelvesMenu()[pri:1, instance:testScenarios.DisplayBookshelves@49e53c76]" started-at="2024-03-25T09:16:24 IST" name="clickOnBookShelvesMenu" finished-at="2024-03-25T09:16:38 IST" duration-ms="14092" status="PASS">
          <reporter-output>
          </reporter-output>
        </test-method> <!-- clickOnBookShelvesMenu -->
        <test-method signature="mouseHoverOfBrandFilter()[pri:2, instance:testScenarios.DisplayBookshelves@49e53c76]" started-at="2024-03-25T09:16:38 IST" name="mouseHoverOfBrandFilter" finished-at="2024-03-25T09:16:53 IST" duration-ms="14951" status="PASS">
          <reporter-output>
          </reporter-output>
        </test-method> <!-- mouseHoverOfBrandFilter -->
        <test-method signature="giftCard()[pri:3, instance:testScenarios.DisplayBookshelves@49e53c76]" started-at="2024-03-25T09:16:53 IST" name="giftCard" finished-at="2024-03-25T09:16:57 IST" duration-ms="4546" status="PASS">
          <reporter-output>
          </reporter-output>
        </test-method> <!-- giftCard -->
        <test-method signature="screenShotOfErrorMessage()[pri:4, instance:testScenarios.DisplayBookshelves@49e53c76]" started-at="2024-03-25T09:16:57 IST" name="screenShotOfErrorMessage" finished-at="2024-03-25T09:16:58 IST" duration-ms="392" status="PASS">
          <reporter-output>
          </reporter-output>
        </test-method> <!-- screenShotOfErrorMessage -->
        <test-method signature="displayErrorMessage()[pri:5, instance:testScenarios.DisplayBookshelves@49e53c76]" started-at="2024-03-25T09:16:58 IST" name="displayErrorMessage" finished-at="2024-03-25T09:16:58 IST" duration-ms="27" status="PASS">
          <reporter-output>
          </reporter-output>
        </test-method> <!-- displayErrorMessage -->
        <test-method is-config="true" signature="closingBrowser()[pri:0, instance:testScenarios.DisplayBookshelves@49e53c76]" started-at="2024-03-25T09:16:58 IST" name="closingBrowser" finished-at="2024-03-25T09:17:00 IST" duration-ms="2326" status="PASS">
          <reporter-output>
          </reporter-output>
        </test-method> <!-- closingBrowser -->
      </class> <!-- testScenarios.DisplayBookshelves -->
    </test> <!-- Default test -->
  </suite> <!-- Default suite -->
</testng-results>
